2025-06-03T14:52:36: 
2025-06-03T14:52:36: > presdk2@1.0.0 dev
2025-06-03T14:52:36: > vite
2025-06-03T14:52:36: 
2025-06-03T14:52:37: 
2025-06-03T14:52:37:   [32m[1mVITE[22m v4.5.14[39m  [2mready in [0m[1m192[22m[2m[0m ms[22m
2025-06-03T14:52:37: 
2025-06-03T14:52:37:   [32m➜[39m  [1mLocal[22m:   [36mhttps://localhost:[1m5173[22m/[39m
2025-06-04T09:23:03: [2m09:23:03[22m [36m[1m[vite][22m[39m [32m.env changed, restarting server...[39m
2025-06-04T09:23:03: [2m09:23:03[22m [36m[1m[vite][22m[39m server restarted.
2025-06-04T10:33:26: [2m10:33:26[22m [36m[1m[vite][22m[39m [32m.env changed, restarting server...[39m
2025-06-04T10:33:26: [2m10:33:26[22m [36m[1m[vite][22m[39m server restarted.
2025-06-04T10:42:53: [2m10:42:53[22m [36m[1m[vite][22m[39m [32mpage reload [39m[2mindex.html[22m
2025-06-04T10:43:30: [2m10:43:30[22m [36m[1m[vite][22m[39m [32mpage reload [39m[2mindex.html[22m
2025-06-04T10:44:01: [2m10:44:01[22m [36m[1m[vite][22m[39m [32mpage reload [39m[2mindex.html[22m
2025-06-04T10:44:20: [2m10:44:20[22m [36m[1m[vite][22m[39m [32mpage reload [39m[2mindex.html[22m
2025-06-04T10:44:30: [2m10:44:30[22m [36m[1m[vite][22m[39m [32mpage reload [39m[2mindex.html[22m
2025-06-04T10:44:41: [2m10:44:41[22m [36m[1m[vite][22m[39m [32mpage reload [39m[2mindex.html[22m
2025-06-04T13:36:52: [2m13:36:52[22m [36m[1m[vite][22m[39m [32mpage reload [39m[2mgame/index copy.html[22m
2025-06-04T13:36:59: [2m13:36:59[22m [36m[1m[vite][22m[39m [32mpage reload [39m[2mgame/index1.html[22m
2025-06-04T13:37:13: [2m13:37:13[22m [36m[1m[vite][22m[39m [32mpage reload [39m[2mgame/index1.html[22m
2025-06-04T13:47:42: [2m13:47:42[22m [36m[1m[vite][22m[39m [32mpage reload [39m[2mgame/index1.html[22m
